build/app/intermediates/manifest_merge_blame_file/debug/manifest-merger-blame-debug-report.txt
1<?xml version="1.0" encoding="utf-8"?>
2<manifest xmlns:android="http://schemas.android.com/apk/res/android"
3    package="com.example.pharmacy_management_system"
4    android:versionCode="1"
5    android:versionName="1.0.0" >
6
7    <uses-sdk
8        android:minSdkVersion="19"
9        android:targetSdkVersion="28" />
10    <!--
11         Flutter needs it to communicate with the running application
12         to allow setting breakpoints, to provide hot reload, etc.
13    -->
14    <uses-permission android:name="android.permission.INTERNET" />
14-->src\debug\AndroidManifest.xml:6:5-66
14-->src\debug\AndroidManifest.xml:6:22-64
15    <uses-permission android:name="android.permission.ACCESS_NETWORK_STATE" />
15-->[com.google.firebase:firebase-auth:21.0.3] AndroidManifest.xml:24:5-79
15-->[com.google.firebase:firebase-auth:21.0.3] AndroidManifest.xml:24:22-76
16
17    <application
18        android:name="android.app.Application"
19        android:appComponentFactory="androidx.core.app.CoreComponentFactory"
19-->[androidx.core:core:1.6.0] AndroidManifest.xml:24:18-86
20        android:debuggable="true"
21        android:icon="@mipmap/launcher_icon"
22        android:label="MedShoppe" >
23        <activity
24            android:name="com.example.pharmacy_management_system.MainActivity"
25            android:configChanges="orientation|keyboardHidden|keyboard|screenSize|smallestScreenSize|locale|layoutDirection|fontScale|screenLayout|density|uiMode"
26            android:exported="true"
27            android:hardwareAccelerated="true"
28            android:launchMode="singleTop"
29            android:theme="@style/LaunchTheme"
30            android:windowSoftInputMode="adjustResize" >
31
32            <!--
33                 Specifies an Android theme to apply to this Activity as soon as
34                 the Android process has started. This theme is visible to the user
35                 while the Flutter UI initializes. After that, this theme continues
36                 to determine the Window background behind the Flutter UI.
37            -->
38            <meta-data
39                android:name="io.flutter.embedding.android.NormalTheme"
40                android:resource="@style/NormalTheme" />
41
42            <intent-filter>
43                <action android:name="android.intent.action.MAIN" />
44
45                <category android:name="android.intent.category.LAUNCHER" />
46            </intent-filter>
47        </activity>
48        <!--
49             Don't delete the meta-data below.
50             This is used by the Flutter tool to generate GeneratedPluginRegistrant.java
51        -->
52        <meta-data
53            android:name="flutterEmbedding"
54            android:value="2" />
55
56        <service
56-->[:firebase_auth] AndroidManifest.xml:10:9-14:19
57            android:name="com.google.firebase.components.ComponentDiscoveryService"
57-->[:firebase_auth] AndroidManifest.xml:10:18-89
58            android:directBootAware="true"
58-->[com.google.firebase:firebase-common:20.1.0] AndroidManifest.xml:35:13-43
59            android:exported="false" >
59-->[com.google.firebase:firebase-auth:21.0.3] AndroidManifest.xml:66:13-37
60            <meta-data
60-->[:firebase_auth] AndroidManifest.xml:11:13-13:85
61                android:name="com.google.firebase.components:io.flutter.plugins.firebase.auth.FlutterFirebaseAuthRegistrar"
61-->[:firebase_auth] AndroidManifest.xml:12:17-124
62                android:value="com.google.firebase.components.ComponentRegistrar" />
62-->[:firebase_auth] AndroidManifest.xml:13:17-82
63            <meta-data
63-->[:firebase_storage] AndroidManifest.xml:11:13-13:85
64                android:name="com.google.firebase.components:io.flutter.plugins.firebase.storage.FlutterFirebaseAppRegistrar"
64-->[:firebase_storage] AndroidManifest.xml:12:17-126
65                android:value="com.google.firebase.components.ComponentRegistrar" />
65-->[:firebase_storage] AndroidManifest.xml:13:17-82
66            <meta-data
66-->[:cloud_firestore] AndroidManifest.xml:11:13-13:85
67                android:name="com.google.firebase.components:io.flutter.plugins.firebase.firestore.FlutterFirebaseFirestoreRegistrar"
67-->[:cloud_firestore] AndroidManifest.xml:12:17-134
68                android:value="com.google.firebase.components.ComponentRegistrar" />
68-->[:cloud_firestore] AndroidManifest.xml:13:17-82
69            <meta-data
69-->[:firebase_core] AndroidManifest.xml:11:13-13:85
70                android:name="com.google.firebase.components:io.flutter.plugins.firebase.core.FlutterFirebaseCoreRegistrar"
70-->[:firebase_core] AndroidManifest.xml:12:17-124
71                android:value="com.google.firebase.components.ComponentRegistrar" />
71-->[:firebase_core] AndroidManifest.xml:13:17-82
72            <meta-data
72-->[com.google.firebase:firebase-auth:21.0.3] AndroidManifest.xml:67:13-69:85
73                android:name="com.google.firebase.components:com.google.firebase.auth.FirebaseAuthRegistrar"
73-->[com.google.firebase:firebase-auth:21.0.3] AndroidManifest.xml:68:17-109
74                android:value="com.google.firebase.components.ComponentRegistrar" />
74-->[com.google.firebase:firebase-auth:21.0.3] AndroidManifest.xml:69:17-82
75            <meta-data
75-->[com.google.firebase:firebase-firestore:24.1.1] AndroidManifest.xml:20:13-22:85
76                android:name="com.google.firebase.components:com.google.firebase.firestore.FirestoreRegistrar"
76-->[com.google.firebase:firebase-firestore:24.1.1] AndroidManifest.xml:21:17-111
77                android:value="com.google.firebase.components.ComponentRegistrar" />
77-->[com.google.firebase:firebase-firestore:24.1.1] AndroidManifest.xml:22:17-82
78            <meta-data
78-->[com.google.firebase:firebase-storage:20.0.1] AndroidManifest.xml:33:13-35:85
79                android:name="com.google.firebase.components:com.google.firebase.storage.StorageRegistrar"
79-->[com.google.firebase:firebase-storage:20.0.1] AndroidManifest.xml:34:17-107
80                android:value="com.google.firebase.components.ComponentRegistrar" />
80-->[com.google.firebase:firebase-storage:20.0.1] AndroidManifest.xml:35:17-82
81        </service>
82
83        <provider
83-->[:image_picker_android] AndroidManifest.xml:10:9-18:20
84            android:name="io.flutter.plugins.imagepicker.ImagePickerFileProvider"
84-->[:image_picker_android] AndroidManifest.xml:11:13-82
85            android:authorities="com.example.pharmacy_management_system.flutter.image_provider"
85-->[:image_picker_android] AndroidManifest.xml:12:13-74
86            android:exported="false"
86-->[:image_picker_android] AndroidManifest.xml:13:13-37
87            android:grantUriPermissions="true" >
87-->[:image_picker_android] AndroidManifest.xml:14:13-47
88            <meta-data
88-->[:image_picker_android] AndroidManifest.xml:15:13-17:75
89                android:name="android.support.FILE_PROVIDER_PATHS"
89-->[:image_picker_android] AndroidManifest.xml:16:17-67
90                android:resource="@xml/flutter_image_picker_file_paths" />
90-->[:image_picker_android] AndroidManifest.xml:17:17-72
91        </provider>
92
93        <uses-library
93-->[androidx.window:window:1.0.0-beta04] AndroidManifest.xml:25:9-27:40
94            android:name="androidx.window.extensions"
94-->[androidx.window:window:1.0.0-beta04] AndroidManifest.xml:26:13-54
95            android:required="false" />
95-->[androidx.window:window:1.0.0-beta04] AndroidManifest.xml:27:13-37
96        <uses-library
96-->[androidx.window:window:1.0.0-beta04] AndroidManifest.xml:28:9-30:40
97            android:name="androidx.window.sidecar"
97-->[androidx.window:window:1.0.0-beta04] AndroidManifest.xml:29:13-51
98            android:required="false" />
98-->[androidx.window:window:1.0.0-beta04] AndroidManifest.xml:30:13-37
99
100        <activity
100-->[com.google.firebase:firebase-auth:21.0.3] AndroidManifest.xml:27:9-44:20
101            android:name="com.google.firebase.auth.internal.GenericIdpActivity"
101-->[com.google.firebase:firebase-auth:21.0.3] AndroidManifest.xml:28:13-80
102            android:excludeFromRecents="true"
102-->[com.google.firebase:firebase-auth:21.0.3] AndroidManifest.xml:29:13-46
103            android:exported="true"
103-->[com.google.firebase:firebase-auth:21.0.3] AndroidManifest.xml:30:13-36
104            android:launchMode="singleTask"
104-->[com.google.firebase:firebase-auth:21.0.3] AndroidManifest.xml:31:13-44
105            android:theme="@android:style/Theme.Translucent.NoTitleBar" >
105-->[com.google.firebase:firebase-auth:21.0.3] AndroidManifest.xml:32:13-72
106            <intent-filter>
106-->[com.google.firebase:firebase-auth:21.0.3] AndroidManifest.xml:33:13-43:29
107                <action android:name="android.intent.action.VIEW" />
107-->[com.google.firebase:firebase-auth:21.0.3] AndroidManifest.xml:34:17-69
107-->[com.google.firebase:firebase-auth:21.0.3] AndroidManifest.xml:34:25-66
108
109                <category android:name="android.intent.category.DEFAULT" />
109-->[com.google.firebase:firebase-auth:21.0.3] AndroidManifest.xml:36:17-76
109-->[com.google.firebase:firebase-auth:21.0.3] AndroidManifest.xml:36:27-73
110                <category android:name="android.intent.category.BROWSABLE" />
110-->[com.google.firebase:firebase-auth:21.0.3] AndroidManifest.xml:37:17-78
110-->[com.google.firebase:firebase-auth:21.0.3] AndroidManifest.xml:37:27-75
111
112                <data
112-->[com.google.firebase:firebase-auth:21.0.3] AndroidManifest.xml:39:17-42:51
113                    android:host="firebase.auth"
113-->[com.google.firebase:firebase-auth:21.0.3] AndroidManifest.xml:40:21-49
114                    android:path="/"
114-->[com.google.firebase:firebase-auth:21.0.3] AndroidManifest.xml:41:21-37
115                    android:scheme="genericidp" />
115-->[com.google.firebase:firebase-auth:21.0.3] AndroidManifest.xml:42:21-48
116            </intent-filter>
117        </activity>
118        <activity
118-->[com.google.firebase:firebase-auth:21.0.3] AndroidManifest.xml:45:9-62:20
119            android:name="com.google.firebase.auth.internal.RecaptchaActivity"
119-->[com.google.firebase:firebase-auth:21.0.3] AndroidManifest.xml:46:13-79
120            android:excludeFromRecents="true"
120-->[com.google.firebase:firebase-auth:21.0.3] AndroidManifest.xml:47:13-46
121            android:exported="true"
121-->[com.google.firebase:firebase-auth:21.0.3] AndroidManifest.xml:48:13-36
122            android:launchMode="singleTask"
122-->[com.google.firebase:firebase-auth:21.0.3] AndroidManifest.xml:49:13-44
123            android:theme="@android:style/Theme.Translucent.NoTitleBar" >
123-->[com.google.firebase:firebase-auth:21.0.3] AndroidManifest.xml:50:13-72
124            <intent-filter>
124-->[com.google.firebase:firebase-auth:21.0.3] AndroidManifest.xml:51:13-61:29
125                <action android:name="android.intent.action.VIEW" />
125-->[com.google.firebase:firebase-auth:21.0.3] AndroidManifest.xml:34:17-69
125-->[com.google.firebase:firebase-auth:21.0.3] AndroidManifest.xml:34:25-66
126
127                <category android:name="android.intent.category.DEFAULT" />
127-->[com.google.firebase:firebase-auth:21.0.3] AndroidManifest.xml:36:17-76
127-->[com.google.firebase:firebase-auth:21.0.3] AndroidManifest.xml:36:27-73
128                <category android:name="android.intent.category.BROWSABLE" />
128-->[com.google.firebase:firebase-auth:21.0.3] AndroidManifest.xml:37:17-78
128-->[com.google.firebase:firebase-auth:21.0.3] AndroidManifest.xml:37:27-75
129
130                <data
130-->[com.google.firebase:firebase-auth:21.0.3] AndroidManifest.xml:39:17-42:51
131                    android:host="firebase.auth"
131-->[com.google.firebase:firebase-auth:21.0.3] AndroidManifest.xml:40:21-49
132                    android:path="/"
132-->[com.google.firebase:firebase-auth:21.0.3] AndroidManifest.xml:41:21-37
133                    android:scheme="recaptcha" />
133-->[com.google.firebase:firebase-auth:21.0.3] AndroidManifest.xml:42:21-48
134            </intent-filter>
135        </activity>
136
137        <provider
137-->[com.google.firebase:firebase-common:20.1.0] AndroidManifest.xml:26:9-31:39
138            android:name="com.google.firebase.provider.FirebaseInitProvider"
138-->[com.google.firebase:firebase-common:20.1.0] AndroidManifest.xml:27:13-77
139            android:authorities="com.example.pharmacy_management_system.firebaseinitprovider"
139-->[com.google.firebase:firebase-common:20.1.0] AndroidManifest.xml:28:13-72
140            android:directBootAware="true"
140-->[com.google.firebase:firebase-common:20.1.0] AndroidManifest.xml:29:13-43
141            android:exported="false"
141-->[com.google.firebase:firebase-common:20.1.0] AndroidManifest.xml:30:13-37
142            android:initOrder="100" />
142-->[com.google.firebase:firebase-common:20.1.0] AndroidManifest.xml:31:13-36
143
144        <activity
144-->[com.google.android.gms:play-services-base:18.0.1] AndroidManifest.xml:20:9-22:45
145            android:name="com.google.android.gms.common.api.GoogleApiActivity"
145-->[com.google.android.gms:play-services-base:18.0.1] AndroidManifest.xml:20:19-85
146            android:exported="false"
146-->[com.google.android.gms:play-services-base:18.0.1] AndroidManifest.xml:22:19-43
147            android:theme="@android:style/Theme.Translucent.NoTitleBar" />
147-->[com.google.android.gms:play-services-base:18.0.1] AndroidManifest.xml:21:19-78
148
149        <meta-data
149-->[com.google.android.gms:play-services-basement:18.0.0] AndroidManifest.xml:21:9-23:69
150            android:name="com.google.android.gms.version"
150-->[com.google.android.gms:play-services-basement:18.0.0] AndroidManifest.xml:22:13-58
151            android:value="@integer/google_play_services_version" />
151-->[com.google.android.gms:play-services-basement:18.0.0] AndroidManifest.xml:23:13-66
152    </application>
153
154</manifest>